#
# A fatal error has been detected by the Java Runtime Environment:
#
#  EXCEPTION_ACCESS_VIOLATION (0xc0000005) at pc=0x000000000350e8db, pid=14604, tid=0x0000000000001dd4
#
# JRE version: Java(TM) SE Runtime Environment (8.0_161-b12) (build 1.8.0_161-b12)
# Java VM: Java HotSpot(TM) 64-Bit Server VM (25.161-b12 mixed mode windows-amd64 compressed oops)
# Problematic frame:
# J 2633 C1 org.apache.xmlbeans.impl.store.Locale$nthCache.fetch(Lorg/apache/xmlbeans/impl/store/Xobj;Ljavax/xml/namespace/QName;Lorg/apache/xmlbeans/QNameSet;I)Lorg/apache/xmlbeans/impl/store/Xobj; (334 bytes) @ 0x000000000350e8db [0x000000000350e500+0x3db]
#
# Failed to write core dump. Minidumps are not enabled by default on client versions of Windows
#
# If you would like to submit a bug report, please visit:
#   http://bugreport.java.com/bugreport/crash.jsp
#

---------------  T H R E A D  ---------------

Current thread (0x0000000002b26000):  JavaThread "main" [_thread_in_Java, id=7636, stack(0x0000000002a20000,0x0000000002b20000)]

siginfo: ExceptionCode=0xc0000005, reading address 0xffffffffffffffff

Registers:
RAX=0x0000000000000001, RBX=0x000000001b837370, RCX=0x000000001bbd9fd0, RDX=0x0000000000000168
RSP=0x0000000002b1d8d0, RBP=0x0000000002b1da98, RSI=0x0000000000000000, RDI=0x0000000000000000
R8 =0x040000001bbd9fd0, R9 =0x00000000d854a290, R10=0x000000010029b910, R11=0x00000000d854a290
R12=0x0000000000000000, R13=0x0000000000000000, R14=0x0000000002b1dad0, R15=0x0000000002b26000
RIP=0x000000000350e8db, EFLAGS=0x0000000000010202

Top of Stack: (sp=0x0000000002b1d8d0)
0x0000000002b1d8d0:   0000000000000000 0000000002b1d910
0x0000000002b1d8e0:   0000000002b1d968 0000000002c27da0
0x0000000002b1d8f0:   0000000002b26000 0000000002b1dad0
0x0000000002b1d900:   0000000000000000 0000000000000000
0x0000000002b1d910:   00000000d854a290 000000010029b910
0x0000000002b1d920:   00000000d854a290 00000000d6550850
0x0000000002b1d930:   00000000d6515738 0000000000000000
0x0000000002b1d940:   0000000000000000 00000000d6550850
0x0000000002b1d950:   00000000d854a290 00000000d6515738
0x0000000002b1d960:   000000001bcb8e18 000000000350e520
0x0000000002b1d970:   0000000002c27de5 0000000000000202
0x0000000002b1d980:   0000000002b1da98 00000000034ff61c
0x0000000002b1d990:   0000000002b1d990 000000001bb644aa
0x0000000002b1d9a0:   0000000002b1da10 000000001bb64668
0x0000000002b1d9b0:   0000000000000000 000000001bb644f8
0x0000000002b1d9c0:   00000000d65156c0 00000000d6550850 

Instructions: (pc=0x000000000350e8db)
0x000000000350e8bb:   bd 1b 00 00 00 04 48 ba 58 01 00 00 00 00 00 00
0x000000000350e8cb:   0f 84 0a 00 00 00 48 ba 68 01 00 00 00 00 00 00
0x000000000350e8db:   49 8b 34 10 48 8d 76 01 49 89 34 10 0f 84 1c 00
0x000000000350e8eb:   00 00 49 b8 d0 9f bd 1b 00 00 00 00 41 ff 80 78 


Register to memory mapping:

RAX=0x0000000000000001 is an unknown value
RBX={method} {0x000000001b837378} 'equals' '(Ljava/lang/Object;)Z' in 'javax/xml/namespace/QName'
RCX=0x000000001bbd9fd0 is pointing into metadata
RDX=0x0000000000000168 is an unknown value
RSP=0x0000000002b1d8d0 is pointing into the stack for thread: 0x0000000002b26000
RBP=0x0000000002b1da98 is pointing into the stack for thread: 0x0000000002b26000
RSI=0x0000000000000000 is an unknown value
RDI=0x0000000000000000 is an unknown value
R8 =0x040000001bbd9fd0 is an unknown value
R9 =0x00000000d854a290 is an oop
javax.xml.namespace.QName 
 - klass: 'javax/xml/namespace/QName'
R10=0x000000010029b910 is pointing into metadata
R11=0x00000000d854a290 is an oop
javax.xml.namespace.QName 
 - klass: 'javax/xml/namespace/QName'
R12=0x0000000000000000 is an unknown value
R13=0x0000000000000000 is an unknown value
R14=0x0000000002b1dad0 is pointing into the stack for thread: 0x0000000002b26000
R15=0x0000000002b26000 is a thread


Stack: [0x0000000002a20000,0x0000000002b20000],  sp=0x0000000002b1d8d0,  free space=1014k
Native frames: (J=compiled Java code, j=interpreted, Vv=VM code, C=native code)
C  0x000000000350e8db


---------------  P R O C E S S  ---------------

Java Threads: ( => current thread )
  0x00000000190ef000 JavaThread "Okio Watchdog" daemon [_thread_blocked, id=5992, stack(0x000000001b460000,0x000000001b560000)]
  0x0000000019150800 JavaThread "OkHttp ConnectionPool" daemon [_thread_blocked, id=13552, stack(0x000000001b360000,0x000000001b460000)]
  0x00000000191d1000 JavaThread "ReaderThread" [_thread_in_native, id=14128, stack(0x0000000019990000,0x0000000019a90000)]
  0x000000001756b800 JavaThread "Service Thread" daemon [_thread_blocked, id=15000, stack(0x0000000018750000,0x0000000018850000)]
  0x0000000017509000 JavaThread "C1 CompilerThread1" daemon [_thread_blocked, id=13716, stack(0x0000000018650000,0x0000000018750000)]
  0x0000000017502000 JavaThread "C2 CompilerThread0" daemon [_thread_blocked, id=2516, stack(0x0000000018550000,0x0000000018650000)]
  0x0000000017500800 JavaThread "Attach Listener" daemon [_thread_blocked, id=11688, stack(0x0000000018450000,0x0000000018550000)]
  0x00000000174fd800 JavaThread "Signal Dispatcher" daemon [_thread_blocked, id=12144, stack(0x0000000018350000,0x0000000018450000)]
  0x00000000174e8800 JavaThread "Finalizer" daemon [_thread_blocked, id=11796, stack(0x0000000018150000,0x0000000018250000)]
  0x0000000002c13800 JavaThread "Reference Handler" daemon [_thread_blocked, id=1512, stack(0x0000000018050000,0x0000000018150000)]
=>0x0000000002b26000 JavaThread "main" [_thread_in_Java, id=7636, stack(0x0000000002a20000,0x0000000002b20000)]

Other Threads:
  0x0000000002c0d000 VMThread [stack: 0x0000000017f50000,0x0000000018050000] [id=11932]
  0x000000001759e000 WatcherThread [stack: 0x0000000018850000,0x0000000018950000] [id=13932]

VM state:not at safepoint (normal execution)

VM Mutex/Monitor currently owned by a thread: None

Heap:
 PSYoungGen      total 38400K, used 11442K [0x00000000d5f80000, 0x00000000d8a00000, 0x0000000100000000)
  eden space 33280K, 19% used [0x00000000d5f80000,0x00000000d65b21e0,0x00000000d8000000)
  from space 5120K, 99% used [0x00000000d8500000,0x00000000d89fa620,0x00000000d8a00000)
  to   space 5120K, 0% used [0x00000000d8000000,0x00000000d8000000,0x00000000d8500000)
 ParOldGen       total 43008K, used 7289K [0x0000000081e00000, 0x0000000084800000, 0x00000000d5f80000)
  object space 43008K, 16% used [0x0000000081e00000,0x000000008251e750,0x0000000084800000)
 Metaspace       used 24290K, capacity 25080K, committed 25472K, reserved 1071104K
  class space    used 2969K, capacity 3174K, committed 3200K, reserved 1048576K

Card table byte_map: [0x0000000011fe0000,0x00000000123e0000] byte_map_base: 0x0000000011bd1000

Marking Bits: (ParMarkBitMap*) 0x0000000057b3f860
 Begin Bits: [0x0000000012890000, 0x0000000014818000)
 End Bits:   [0x0000000014818000, 0x00000000167a0000)

Polling page: 0x0000000002800000

CodeCache: size=245760Kb used=9904Kb max_used=9920Kb free=235855Kb
 bounds [0x0000000002c20000, 0x00000000035e0000, 0x0000000011c20000]
 total_blobs=3317 nmethods=2869 adapters=360
 compilation: enabled

Compilation events (10 events):
Event: 109.888 Thread 0x0000000017509000 nmethod 2867 0x00000000035c6410 code [0x00000000035c65e0, 0x00000000035c6f38]
Event: 109.888 Thread 0x0000000017509000 2868       3       com.sun.org.apache.xerces.internal.impl.dtd.XMLDTDValidator::getPropertyDefault (36 bytes)
Event: 109.889 Thread 0x0000000017509000 nmethod 2868 0x00000000035c5d90 code [0x00000000035c5f20, 0x00000000035c6288]
Event: 109.889 Thread 0x0000000017509000 2869       3       java.lang.Enum::compareTo (44 bytes)
Event: 109.889 Thread 0x0000000017509000 nmethod 2869 0x00000000035ce550 code [0x00000000035ce700, 0x00000000035cf008]
Event: 109.892 Thread 0x0000000017502000 nmethod 2844 0x00000000035d22d0 code [0x00000000035d2440, 0x00000000035d2878]
Event: 109.892 Thread 0x0000000017502000 2865       4       org.apache.xmlbeans.impl.store.Saver$FragSaveCur::next (207 bytes)
Event: 109.920 Thread 0x0000000017502000 nmethod 2865 0x00000000035d5990 code [0x00000000035d5bc0, 0x00000000035d6fb0]
Event: 109.920 Thread 0x0000000017502000 2864       4       org.apache.xmlbeans.impl.store.Saver$TextSaver::getAvailable (22 bytes)
Event: 109.921 Thread 0x0000000017502000 nmethod 2864 0x0000000003475890 code [0x00000000034759c0, 0x0000000003475a38]

GC Heap History (10 events):
Event: 3.380 GC heap before
{Heap before GC invocations=1 (full 0):
 PSYoungGen      total 38400K, used 33280K [0x00000000d5f80000, 0x00000000d8a00000, 0x0000000100000000)
  eden space 33280K, 100% used [0x00000000d5f80000,0x00000000d8000000,0x00000000d8000000)
  from space 5120K, 0% used [0x00000000d8500000,0x00000000d8500000,0x00000000d8a00000)
  to   space 5120K, 0% used [0x00000000d8000000,0x00000000d8000000,0x00000000d8500000)
 ParOldGen       total 87552K, used 0K [0x0000000081e00000, 0x0000000087380000, 0x00000000d5f80000)
  object space 87552K, 0% used [0x0000000081e00000,0x0000000081e00000,0x0000000087380000)
 Metaspace       used 12218K, capacity 12464K, committed 12800K, reserved 1060864K
  class space    used 1425K, capacity 1513K, committed 1536K, reserved 1048576K
Event: 3.395 GC heap after
Heap after GC invocations=1 (full 0):
 PSYoungGen      total 38400K, used 5100K [0x00000000d5f80000, 0x00000000d8a00000, 0x0000000100000000)
  eden space 33280K, 0% used [0x00000000d5f80000,0x00000000d5f80000,0x00000000d8000000)
  from space 5120K, 99% used [0x00000000d8000000,0x00000000d84fb240,0x00000000d8500000)
  to   space 5120K, 0% used [0x00000000d8500000,0x00000000d8500000,0x00000000d8a00000)
 ParOldGen       total 87552K, used 1290K [0x0000000081e00000, 0x0000000087380000, 0x00000000d5f80000)
  object space 87552K, 1% used [0x0000000081e00000,0x0000000081f42a10,0x0000000087380000)
 Metaspace       used 12218K, capacity 12464K, committed 12800K, reserved 1060864K
  class space    used 1425K, capacity 1513K, committed 1536K, reserved 1048576K
}
Event: 64.811 GC heap before
{Heap before GC invocations=2 (full 0):
 PSYoungGen      total 38400K, used 38380K [0x00000000d5f80000, 0x00000000d8a00000, 0x0000000100000000)
  eden space 33280K, 100% used [0x00000000d5f80000,0x00000000d8000000,0x00000000d8000000)
  from space 5120K, 99% used [0x00000000d8000000,0x00000000d84fb240,0x00000000d8500000)
  to   space 5120K, 0% used [0x00000000d8500000,0x00000000d8500000,0x00000000d8a00000)
 ParOldGen       total 87552K, used 1290K [0x0000000081e00000, 0x0000000087380000, 0x00000000d5f80000)
  object space 87552K, 1% used [0x0000000081e00000,0x0000000081f42a10,0x0000000087380000)
 Metaspace       used 17560K, capacity 18302K, committed 18560K, reserved 1064960K
  class space    used 2155K, capacity 2359K, committed 2432K, reserved 1048576K
Event: 64.841 GC heap after
Heap after GC invocations=2 (full 0):
 PSYoungGen      total 38400K, used 5088K [0x00000000d5f80000, 0x00000000d8a00000, 0x0000000100000000)
  eden space 33280K, 0% used [0x00000000d5f80000,0x00000000d5f80000,0x00000000d8000000)
  from space 5120K, 99% used [0x00000000d8500000,0x00000000d89f8158,0x00000000d8a00000)
  to   space 5120K, 0% used [0x00000000d8000000,0x00000000d8000000,0x00000000d8500000)
 ParOldGen       total 87552K, used 3907K [0x0000000081e00000, 0x0000000087380000, 0x00000000d5f80000)
  object space 87552K, 4% used [0x0000000081e00000,0x00000000821d0d18,0x0000000087380000)
 Metaspace       used 17560K, capacity 18302K, committed 18560K, reserved 1064960K
  class space    used 2155K, capacity 2359K, committed 2432K, reserved 1048576K
}
Event: 65.690 GC heap before
{Heap before GC invocations=3 (full 0):
 PSYoungGen      total 38400K, used 24063K [0x00000000d5f80000, 0x00000000d8a00000, 0x0000000100000000)
  eden space 33280K, 57% used [0x00000000d5f80000,0x00000000d7207c98,0x00000000d8000000)
  from space 5120K, 99% used [0x00000000d8500000,0x00000000d89f8158,0x00000000d8a00000)
  to   space 5120K, 0% used [0x00000000d8000000,0x00000000d8000000,0x00000000d8500000)
 ParOldGen       total 87552K, used 3907K [0x0000000081e00000, 0x0000000087380000, 0x00000000d5f80000)
  object space 87552K, 4% used [0x0000000081e00000,0x00000000821d0d18,0x0000000087380000)
 Metaspace       used 20360K, capacity 21104K, committed 21296K, reserved 1069056K
  class space    used 2469K, capacity 2652K, committed 2688K, reserved 1048576K
Event: 65.704 GC heap after
Heap after GC invocations=3 (full 0):
 PSYoungGen      total 38400K, used 5106K [0x00000000d5f80000, 0x00000000d8a00000, 0x0000000100000000)
  eden space 33280K, 0% used [0x00000000d5f80000,0x00000000d5f80000,0x00000000d8000000)
  from space 5120K, 99% used [0x00000000d8000000,0x00000000d84fcb88,0x00000000d8500000)
  to   space 5120K, 0% used [0x00000000d8500000,0x00000000d8500000,0x00000000d8a00000)
 ParOldGen       total 87552K, used 5835K [0x0000000081e00000, 0x0000000087380000, 0x00000000d5f80000)
  object space 87552K, 6% used [0x0000000081e00000,0x00000000823b2df0,0x0000000087380000)
 Metaspace       used 20360K, capacity 21104K, committed 21296K, reserved 1069056K
  class space    used 2469K, capacity 2652K, committed 2688K, reserved 1048576K
}
Event: 65.704 GC heap before
{Heap before GC invocations=4 (full 1):
 PSYoungGen      total 38400K, used 5106K [0x00000000d5f80000, 0x00000000d8a00000, 0x0000000100000000)
  eden space 33280K, 0% used [0x00000000d5f80000,0x00000000d5f80000,0x00000000d8000000)
  from space 5120K, 99% used [0x00000000d8000000,0x00000000d84fcb88,0x00000000d8500000)
  to   space 5120K, 0% used [0x00000000d8500000,0x00000000d8500000,0x00000000d8a00000)
 ParOldGen       total 87552K, used 5835K [0x0000000081e00000, 0x0000000087380000, 0x00000000d5f80000)
  object space 87552K, 6% used [0x0000000081e00000,0x00000000823b2df0,0x0000000087380000)
 Metaspace       used 20360K, capacity 21104K, committed 21296K, reserved 1069056K
  class space    used 2469K, capacity 2652K, committed 2688K, reserved 1048576K
Event: 65.792 GC heap after
Heap after GC invocations=4 (full 1):
 PSYoungGen      total 38400K, used 0K [0x00000000d5f80000, 0x00000000d8a00000, 0x0000000100000000)
  eden space 33280K, 0% used [0x00000000d5f80000,0x00000000d5f80000,0x00000000d8000000)
  from space 5120K, 0% used [0x00000000d8000000,0x00000000d8000000,0x00000000d8500000)
  to   space 5120K, 0% used [0x00000000d8500000,0x00000000d8500000,0x00000000d8a00000)
 ParOldGen       total 43008K, used 6985K [0x0000000081e00000, 0x0000000084800000, 0x00000000d5f80000)
  object space 43008K, 16% used [0x0000000081e00000,0x00000000824d2408,0x0000000084800000)
 Metaspace       used 20360K, capacity 21104K, committed 21296K, reserved 1069056K
  class space    used 2469K, capacity 2652K, committed 2688K, reserved 1048576K
}
Event: 68.999 GC heap before
{Heap before GC invocations=5 (full 1):
 PSYoungGen      total 38400K, used 33280K [0x00000000d5f80000, 0x00000000d8a00000, 0x0000000100000000)
  eden space 33280K, 100% used [0x00000000d5f80000,0x00000000d8000000,0x00000000d8000000)
  from space 5120K, 0% used [0x00000000d8000000,0x00000000d8000000,0x00000000d8500000)
  to   space 5120K, 0% used [0x00000000d8500000,0x00000000d8500000,0x00000000d8a00000)
 ParOldGen       total 43008K, used 6985K [0x0000000081e00000, 0x0000000084800000, 0x00000000d5f80000)
  object space 43008K, 16% used [0x0000000081e00000,0x00000000824d2408,0x0000000084800000)
 Metaspace       used 24122K, capacity 24946K, committed 25216K, reserved 1071104K
  class space    used 2969K, capacity 3173K, committed 3200K, reserved 1048576K
Event: 69.018 GC heap after
Heap after GC invocations=5 (full 1):
 PSYoungGen      total 38400K, used 5097K [0x00000000d5f80000, 0x00000000d8a00000, 0x0000000100000000)
  eden space 33280K, 0% used [0x00000000d5f80000,0x00000000d5f80000,0x00000000d8000000)
  from space 5120K, 99% used [0x00000000d8500000,0x00000000d89fa620,0x00000000d8a00000)
  to   space 5120K, 0% used [0x00000000d8000000,0x00000000d8000000,0x00000000d8500000)
 ParOldGen       total 43008K, used 7289K [0x0000000081e00000, 0x0000000084800000, 0x00000000d5f80000)
  object space 43008K, 16% used [0x0000000081e00000,0x000000008251e750,0x0000000084800000)
 Metaspace       used 24122K, capacity 24946K, committed 25216K, reserved 1071104K
  class space    used 2969K, capacity 3173K, committed 3200K, reserved 1048576K
}

Deoptimization events (10 events):
Event: 67.513 Thread 0x0000000002b26000 Uncommon trap: reason=bimorphic action=maybe_recompile pc=0x0000000003219aa8 method=java.util.HashMap.putVal(ILjava/lang/Object;Ljava/lang/Object;ZZ)Ljava/lang/Object; @ 203
Event: 67.514 Thread 0x0000000002b26000 Uncommon trap: reason=bimorphic action=maybe_recompile pc=0x0000000003219aa8 method=java.util.HashMap.putVal(ILjava/lang/Object;Ljava/lang/Object;ZZ)Ljava/lang/Object; @ 203
Event: 67.516 Thread 0x0000000002b26000 Uncommon trap: reason=bimorphic action=maybe_recompile pc=0x0000000003219aa8 method=java.util.HashMap.putVal(ILjava/lang/Object;Ljava/lang/Object;ZZ)Ljava/lang/Object; @ 203
Event: 67.516 Thread 0x0000000002b26000 Uncommon trap: reason=bimorphic action=maybe_recompile pc=0x0000000003219aa8 method=java.util.HashMap.putVal(ILjava/lang/Object;Ljava/lang/Object;ZZ)Ljava/lang/Object; @ 203
Event: 67.519 Thread 0x0000000002b26000 Uncommon trap: reason=bimorphic action=maybe_recompile pc=0x000000000307d684 method=java.util.HashMap.putVal(ILjava/lang/Object;Ljava/lang/Object;ZZ)Ljava/lang/Object; @ 203
Event: 68.527 Thread 0x0000000002b26000 Uncommon trap: reason=class_check action=maybe_recompile pc=0x00000000031fb13c method=java.io.FilterInputStream.read()I @ 4
Event: 68.527 Thread 0x0000000002b26000 Uncommon trap: reason=class_check action=maybe_recompile pc=0x00000000031fb13c method=java.io.FilterInputStream.read()I @ 4
Event: 68.527 Thread 0x0000000002b26000 Uncommon trap: reason=class_check action=maybe_recompile pc=0x00000000031fb13c method=java.io.FilterInputStream.read()I @ 4
Event: 68.527 Thread 0x0000000002b26000 Uncommon trap: reason=class_check action=maybe_recompile pc=0x00000000031fb13c method=java.io.FilterInputStream.read()I @ 4
Event: 69.495 Thread 0x0000000002b26000 Uncommon trap: reason=null_check action=make_not_entrant pc=0x000000000351c944 method=org.apache.xmlbeans.impl.store.Saver.addNewFrameMapping(Ljava/lang/String;Ljava/lang/String;Z)V @ 68

Classes redefined (0 events):
No events

Internal exceptions (10 events):
Event: 69.806 Thread 0x0000000002b26000 Exception <a 'java/net/SocketTimeoutException': Read timed out> (0x00000000d6176218) thrown at [C:\re\workspace\8-2-build-windows-amd64-cygwin\jdk8u161\10277\hotspot\src\share\vm\prims\jni.cpp, line 735]
Event: 69.949 Thread 0x0000000002b26000 Exception <a 'java/net/SocketTimeoutException': Read timed out> (0x00000000d6192150) thrown at [C:\re\workspace\8-2-build-windows-amd64-cygwin\jdk8u161\10277\hotspot\src\share\vm\prims\jni.cpp, line 735]
Event: 73.711 Thread 0x0000000002b26000 Exception <a 'java/net/SocketTimeoutException': Read timed out> (0x00000000d61a8540) thrown at [C:\re\workspace\8-2-build-windows-amd64-cygwin\jdk8u161\10277\hotspot\src\share\vm\prims\jni.cpp, line 735]
Event: 88.332 Thread 0x0000000002b26000 Exception <a 'java/net/SocketTimeoutException': Read timed out> (0x00000000d61d1bb8) thrown at [C:\re\workspace\8-2-build-windows-amd64-cygwin\jdk8u161\10277\hotspot\src\share\vm\prims\jni.cpp, line 735]
Event: 88.379 Thread 0x0000000002b26000 Exception <a 'java/net/SocketTimeoutException': Read timed out> (0x00000000d61edae0) thrown at [C:\re\workspace\8-2-build-windows-amd64-cygwin\jdk8u161\10277\hotspot\src\share\vm\prims\jni.cpp, line 735]
Event: 90.473 Thread 0x0000000002b26000 Exception <a 'java/net/SocketTimeoutException': Read timed out> (0x00000000d62035f0) thrown at [C:\re\workspace\8-2-build-windows-amd64-cygwin\jdk8u161\10277\hotspot\src\share\vm\prims\jni.cpp, line 735]
Event: 94.690 Thread 0x0000000002b26000 Exception <a 'java/net/SocketTimeoutException': Read timed out> (0x00000000d622b3c0) thrown at [C:\re\workspace\8-2-build-windows-amd64-cygwin\jdk8u161\10277\hotspot\src\share\vm\prims\jni.cpp, line 735]
Event: 94.756 Thread 0x0000000002b26000 Exception <a 'java/net/SocketTimeoutException': Read timed out> (0x00000000d62472d0) thrown at [C:\re\workspace\8-2-build-windows-amd64-cygwin\jdk8u161\10277\hotspot\src\share\vm\prims\jni.cpp, line 735]
Event: 97.958 Thread 0x0000000002b26000 Exception <a 'java/net/SocketTimeoutException': Read timed out> (0x00000000d625db90) thrown at [C:\re\workspace\8-2-build-windows-amd64-cygwin\jdk8u161\10277\hotspot\src\share\vm\prims\jni.cpp, line 735]
Event: 109.798 Thread 0x0000000002b26000 Exception <a 'java/net/SocketTimeoutException': Read timed out> (0x00000000d629d708) thrown at [C:\re\workspace\8-2-build-windows-amd64-cygwin\jdk8u161\10277\hotspot\src\share\vm\prims\jni.cpp, line 735]

Events (10 events):
Event: 69.603 loading class org/apache/xerces/util/SecurityManager
Event: 69.603 loading class org/apache/xerces/util/SecurityManager done
Event: 109.859 loading class org/apache/xerces/util/SecurityManager
Event: 109.859 loading class org/apache/xerces/util/SecurityManager done
Event: 109.863 loading class org/apache/xerces/util/SecurityManager
Event: 109.863 loading class org/apache/xerces/util/SecurityManager done
Event: 109.888 loading class org/apache/xerces/util/SecurityManager
Event: 109.888 loading class org/apache/xerces/util/SecurityManager done
Event: 109.890 loading class org/apache/xerces/util/SecurityManager
Event: 109.890 loading class org/apache/xerces/util/SecurityManager done


Dynamic libraries:
0x00007ff7db840000 - 0x00007ff7db877000 	C:\Program Files\Java\jdk1.8.0_161\bin\javaw.exe
0x00007ff90de40000 - 0x00007ff90e02d000 	C:\WINDOWS\SYSTEM32\ntdll.dll
0x00007ff90ccf0000 - 0x00007ff90cda3000 	C:\WINDOWS\System32\KERNEL32.DLL
0x00007ff90a560000 - 0x00007ff90a7f3000 	C:\WINDOWS\System32\KERNELBASE.dll
0x00007ff90cc30000 - 0x00007ff90ccd3000 	C:\WINDOWS\System32\ADVAPI32.dll
0x00007ff90c980000 - 0x00007ff90ca1e000 	C:\WINDOWS\System32\msvcrt.dll
0x00007ff90c780000 - 0x00007ff90c81e000 	C:\WINDOWS\System32\sechost.dll
0x00007ff90d420000 - 0x00007ff90d542000 	C:\WINDOWS\System32\RPCRT4.dll
0x00007ff90ca90000 - 0x00007ff90cc27000 	C:\WINDOWS\System32\USER32.dll
0x00007ff90af50000 - 0x00007ff90af70000 	C:\WINDOWS\System32\win32u.dll
0x00007ff90c880000 - 0x00007ff90c8a9000 	C:\WINDOWS\System32\GDI32.dll
0x00007ff909fc0000 - 0x00007ff90a159000 	C:\WINDOWS\System32\gdi32full.dll
0x00007ff90a160000 - 0x00007ff90a200000 	C:\WINDOWS\System32\msvcp_win.dll
0x00007ff90af70000 - 0x00007ff90b06a000 	C:\WINDOWS\System32\ucrtbase.dll
0x00007ff8f9f60000 - 0x00007ff8fa1d9000 	C:\WINDOWS\WinSxS\amd64_microsoft.windows.common-controls_6595b64144ccf1df_6.0.17763.678_none_05b74150071d72bf\COMCTL32.dll
0x00007ff90d700000 - 0x00007ff90da2c000 	C:\WINDOWS\System32\combase.dll
0x00007ff909f10000 - 0x00007ff909f8e000 	C:\WINDOWS\System32\bcryptPrimitives.dll
0x00007ff90cdb0000 - 0x00007ff90cdde000 	C:\WINDOWS\System32\IMM32.DLL
0x0000000057bc0000 - 0x0000000057c92000 	C:\Program Files\Java\jdk1.8.0_161\jre\bin\msvcr100.dll
0x0000000057320000 - 0x0000000057bbf000 	C:\Program Files\Java\jdk1.8.0_161\jre\bin\server\jvm.dll
0x00007ff90cce0000 - 0x00007ff90cce8000 	C:\WINDOWS\System32\PSAPI.DLL
0x00007ff8ff4d0000 - 0x00007ff8ff4d9000 	C:\WINDOWS\SYSTEM32\WSOCK32.dll
0x00007ff90ca20000 - 0x00007ff90ca8d000 	C:\WINDOWS\System32\WS2_32.dll
0x00007ff901750000 - 0x00007ff901774000 	C:\WINDOWS\SYSTEM32\WINMM.dll
0x00007ff904040000 - 0x00007ff90404a000 	C:\WINDOWS\SYSTEM32\VERSION.dll
0x00007ff901510000 - 0x00007ff90153d000 	C:\WINDOWS\SYSTEM32\WINMMBASE.dll
0x00007ff90a510000 - 0x00007ff90a55a000 	C:\WINDOWS\System32\cfgmgr32.dll
0x0000000057310000 - 0x000000005731f000 	C:\Program Files\Java\jdk1.8.0_161\jre\bin\verify.dll
0x00000000572e0000 - 0x0000000057309000 	C:\Program Files\Java\jdk1.8.0_161\jre\bin\java.dll
0x00000000572c0000 - 0x00000000572d6000 	C:\Program Files\Java\jdk1.8.0_161\jre\bin\zip.dll
0x00007ff90b1d0000 - 0x00007ff90c6c0000 	C:\WINDOWS\System32\SHELL32.dll
0x00007ff90c8b0000 - 0x00007ff90c958000 	C:\WINDOWS\System32\shcore.dll
0x00007ff90a800000 - 0x00007ff90af4a000 	C:\WINDOWS\System32\windows.storage.dll
0x00007ff909e40000 - 0x00007ff909e64000 	C:\WINDOWS\System32\profapi.dll
0x00007ff909eb0000 - 0x00007ff909f0d000 	C:\WINDOWS\System32\powrprof.dll
0x00007ff90c720000 - 0x00007ff90c772000 	C:\WINDOWS\System32\shlwapi.dll
0x00007ff909e90000 - 0x00007ff909ea1000 	C:\WINDOWS\System32\kernel.appcore.dll
0x00007ff90a3e0000 - 0x00007ff90a3f7000 	C:\WINDOWS\System32\cryptsp.dll
0x00000000572a0000 - 0x00000000572ba000 	C:\Program Files\Java\jdk1.8.0_161\jre\bin\net.dll
0x00007ff909650000 - 0x00007ff9096b7000 	C:\WINDOWS\system32\mswsock.dll
0x00007ff9093b0000 - 0x00007ff909476000 	C:\WINDOWS\SYSTEM32\DNSAPI.dll
0x00007ff90dba0000 - 0x00007ff90dba8000 	C:\WINDOWS\System32\NSI.dll
0x00007ff909370000 - 0x00007ff9093ad000 	C:\WINDOWS\SYSTEM32\IPHLPAPI.DLL
0x00007ff900fe0000 - 0x00007ff900fea000 	C:\Windows\System32\rasadhlp.dll
0x00007ff901980000 - 0x00007ff9019f9000 	C:\WINDOWS\System32\fwpuclnt.dll
0x00007ff909f90000 - 0x00007ff909fb6000 	C:\WINDOWS\System32\bcrypt.dll
0x00007ff9091d0000 - 0x00007ff909203000 	C:\WINDOWS\system32\rsaenh.dll
0x00007ff909d70000 - 0x00007ff909d98000 	C:\WINDOWS\SYSTEM32\USERENV.dll
0x00007ff909820000 - 0x00007ff90982c000 	C:\WINDOWS\SYSTEM32\CRYPTBASE.dll
0x00007ff9014f0000 - 0x00007ff901506000 	C:\WINDOWS\SYSTEM32\dhcpcsvc6.DLL
0x00007ff903ad0000 - 0x00007ff903aec000 	C:\WINDOWS\SYSTEM32\dhcpcsvc.DLL
0x0000000057280000 - 0x0000000057291000 	C:\Program Files\Java\jdk1.8.0_161\jre\bin\nio.dll
0x0000000057250000 - 0x0000000057274000 	C:\Program Files\Java\jdk1.8.0_161\jre\bin\sunec.dll
0x0000000057240000 - 0x000000005724b000 	C:\Program Files\Java\jdk1.8.0_161\jre\bin\sunmscapi.dll
0x00007ff90a200000 - 0x00007ff90a3db000 	C:\WINDOWS\System32\CRYPT32.dll
0x00007ff909e70000 - 0x00007ff909e82000 	C:\WINDOWS\System32\MSASN1.dll
0x00007ff902230000 - 0x00007ff90241d000 	C:\WINDOWS\SYSTEM32\dbghelp.dll

VM Arguments:
jvm_args: -ea -Dfile.encoding=Cp1252 
java_command: org.testng.remote.RemoteTestNG -serport 56799 -protocol json -d C:\Users\Chandan\Git\ArtifactIdAppium\test-output C:\Users\Chandan\AppData\Local\Temp\testng-eclipse--1428626574\testng-customsuite.xml
java_class_path (initial): C:\Users\Chandan\eclipse\jee-2018-09\eclipse\configuration\org.eclipse.osgi\999\0\.cp\lib\testng-remote.jar;C:\Users\Chandan\Git\ArtifactIdAppium\target\test-classes;C:\Users\Chandan\Git\ArtifactIdAppium\target\classes;C:\Users\Chandan\.m2\repository\io\appium\java-client\6.1.0\java-client-6.1.0.jar;C:\Users\Chandan\.m2\repository\org\seleniumhq\selenium\selenium-support\3.12.0\selenium-support-3.12.0.jar;C:\Users\Chandan\.m2\repository\org\apache\httpcomponents\httpcore\4.4.6\httpcore-4.4.6.jar;C:\Users\Chandan\.m2\repository\com\google\code\gson\gson\2.8.4\gson-2.8.4.jar;C:\Users\Chandan\.m2\repository\org\apache\httpcomponents\httpclient\4.5.5\httpclient-4.5.5.jar;C:\Users\Chandan\.m2\repository\cglib\cglib\3.2.6\cglib-3.2.6.jar;C:\Users\Chandan\.m2\repository\org\ow2\asm\asm\6.0\asm-6.0.jar;C:\Users\Chandan\.m2\repository\commons-validator\commons-validator\1.6\commons-validator-1.6.jar;C:\Users\Chandan\.m2\repository\commons-beanutils\commons-beanutils\1.9.2\commons-beanutils-1.9.2.jar;C:\Users\Chandan\.m2\repository\commons-digester\commons-digester\1.8.1\commons-digester-1.8.1.jar;C:\Users\Chandan\.m2\repository\commons-collections\commons-collections\3.2.2\commons-collections-3.2.2.jar;C:\Users\Chandan\.m2\repository\org\apache\commons\commons-lang3\3.7\commons-lang3-3.7.jar;C:\Users\Chandan\.m2\repository\commons-io\commons-io\2.6\commons-io-2.6.jar;C:\Users\Chandan\.m2\repository\org\springframework\spring-context\5.0.5.RELEASE\spring-context-5.0.5.RELEASE.jar;C:\Users\Chandan\.m2\repository\org\springframework\spring-aop\5.0.5.RELEASE\spring-aop-5.0.5.RELEASE.jar;C:\Users\Chandan\.m2\repository\org\springframework\spring-beans\5.0.5.RELEASE\spring-beans-5.0.5.RELEASE.jar;C:\Users\Chandan\.m2\repository\org\springframework\spring-core\5.0.5.RELEASE\spring-core-5.0.5.RELEASE.jar;C:\Users\Chandan\.m2\repository\org\springframework\spring-jcl\5.0.5.RELEASE\spring-jcl-5.0.5.RELEASE.jar;C:\Users\Chandan\.m2\repository\org\springfram
Launcher Type: SUN_STANDARD

Environment Variables:
JAVA_HOME=C:\Program Files\Java\jdk1.8.0_161
PATH=C:/Program Files/Java/jre1.8.0_221/bin/server;C:/Program Files/Java/jre1.8.0_221/bin;C:/Program Files/Java/jre1.8.0_221/lib/amd64;C:\ProgramData\Oracle\Java\javapath;C:\Program Files (x86)\Common Files\Oracle\Java\javapath;C:\Program Files\apache-maven-3.5.4\bin;C:\Program Files\Java\jdk1.8.0_161\bin;C:\Program Files (x86)\Windows Live\Shared;C:\Users\Chandan\Desktop\JMeter\apache-jmeter-5.0\bin;C:\Windows\System32;C:\WINDOWS\system32;C:\WINDOWS;C:\WINDOWS\System32\Wbem;C:\WINDOWS\System32\WindowsPowerShell\v1.0\;C:\WINDOWS\System32\OpenSSH\;C:\Program Files\Git\cmd;C:\Users\Chandan\Python;C:\Users\Chandan\Python\Scripts;C:\Program Files\nodejs\;C:\Program Files (x86)\Microsoft Emulator Manager\1.0\;C:\Users\Chandan\.katalon\tools\android_sdk\platform-tools;C:\Users\Chandan\AppData\Local\Microsoft\WindowsApps;C:\Program Files\apache-maven-3.5.4\bin;C:\Users\Chandan\AppData\Local\Programs\Fiddler;C:\Users\Chandan\AppData\Roaming\npm;;C:\Users\Chandan\eclipse\jee-2018-09\eclipse;
USERNAME=Chandan
OS=Windows_NT
PROCESSOR_IDENTIFIER=Intel64 Family 6 Model 58 Stepping 9, GenuineIntel



---------------  S Y S T E M  ---------------

OS: Windows 10.0 , 64 bit Build 17763 (10.0.17763.475)

CPU:total 2 (initial active 2) (2 cores per cpu, 1 threads per core) family 6 model 58 stepping 9, cmov, cx8, fxsr, mmx, sse, sse2, sse3, ssse3, sse4.1, sse4.2, popcnt, clmul, erms, tsc, tscinvbit, tscinv

Memory: 4k page, physical 8264380k(1185276k free), swap 13271276k(2185440k free)

vm_info: Java HotSpot(TM) 64-Bit Server VM (25.161-b12) for windows-amd64 JRE (1.8.0_161-b12), built on Dec 19 2017 17:52:25 by "java_re" with MS VC++ 10.0 (VS2010)

time: Tue Sep 03 11:16:42 2019
elapsed time: 110 seconds (0d 0h 1m 50s)

